<?xml version="1.0" encoding="UTF-8"?>
<!-- Generated by org.testng.reporters.JUnitXMLReporter -->
<testsuite ignored="20" hostname="DESKTOP-01MVVVO" failures="0" tests="1" name="Test" time="7.062" errors="0" timestamp="2023-02-21T20:44:49 EST">
  <testcase classname="project2.project2.Main" name="test_case_01" time="2.043"/>
  <testcase classname="project2.project2.Main" name="test_case_10" time="0.0">
    <ignored/>
  </testcase> <!-- test_case_10 -->
  <testcase classname="project2.project2.Main" name="test_case_08" time="0.0">
    <ignored/>
  </testcase> <!-- test_case_08 -->
  <testcase classname="project2.project2.Main" name="test_case_19" time="0.0">
    <ignored/>
  </testcase> <!-- test_case_19 -->
  <testcase classname="project2.project2.Main" name="test_case_06" time="0.0">
    <ignored/>
  </testcase> <!-- test_case_06 -->
  <testcase classname="project2.project2.Main" name="test_case_17" time="0.0">
    <ignored/>
  </testcase> <!-- test_case_17 -->
  <testcase classname="project2.project2.Main" name="test_case_09" time="0.0">
    <ignored/>
  </testcase> <!-- test_case_09 -->
  <testcase classname="project2.project2.Main" name="test_case_04" time="0.0">
    <ignored/>
  </testcase> <!-- test_case_04 -->
  <testcase classname="project2.project2.Main" name="test_case_15" time="0.0">
    <ignored/>
  </testcase> <!-- test_case_15 -->
  <testcase classname="project2.project2.Main" name="test_case_02" time="0.0">
    <ignored/>
  </testcase> <!-- test_case_02 -->
  <testcase classname="project2.project2.Main" name="test_case_13" time="0.0">
    <ignored/>
  </testcase> <!-- test_case_13 -->
  <testcase classname="project2.project2.Main" name="test_case_05" time="0.0">
    <ignored/>
  </testcase> <!-- test_case_05 -->
  <testcase classname="project2.project2.Main" name="test_case_16" time="0.0">
    <ignored/>
  </testcase> <!-- test_case_16 -->
  <testcase classname="project2.project2.Main" name="test_case_11" time="0.0">
    <ignored/>
  </testcase> <!-- test_case_11 -->
  <testcase classname="project2.project2.Main" name="test_case_03" time="0.0">
    <ignored/>
  </testcase> <!-- test_case_03 -->
  <testcase classname="project2.project2.Main" name="test_case_14" time="0.0">
    <ignored/>
  </testcase> <!-- test_case_14 -->
  <testcase classname="project2.project2.Main" name="test_case_08_1" time="0.0">
    <ignored/>
  </testcase> <!-- test_case_08_1 -->
  <testcase classname="project2.project2.Main" name="test_case_20" time="0.0">
    <ignored/>
  </testcase> <!-- test_case_20 -->
  <testcase classname="project2.project2.Main" name="test_case_12" time="0.0">
    <ignored/>
  </testcase> <!-- test_case_12 -->
  <testcase classname="project2.project2.Main" name="test_case_07" time="0.0">
    <ignored/>
  </testcase> <!-- test_case_07 -->
  <testcase classname="project2.project2.Main" name="test_case_18" time="0.0">
    <ignored/>
  </testcase> <!-- test_case_18 -->
</testsuite> <!-- Test -->
